This file contains any messages produced by compilers while
running configure, to aid debugging if configure makes a mistake.

It was created by sg2 configure 2.0.0, which was
generated by GNU Autoconf 2.71.  Invocation command line was

  $ ../configure --with-pic CXXFLAGS=-O3 CFLAGS=-O3

## --------- ##
## Platform. ##
## --------- ##

hostname = afdd70ae5d5a
uname -m = x86_64
uname -r = 5.10.104-linuxkit
uname -s = Linux
uname -v = #1 SMP Thu Mar 17 17:08:06 UTC 2022

/usr/bin/uname -p = x86_64
/bin/uname -X     = unknown

/bin/arch              = x86_64
/usr/bin/arch -k       = unknown
/usr/convex/getsysinfo = unknown
/usr/bin/hostinfo      = unknown
/bin/machine           = unknown
/usr/bin/oslevel       = unknown
/bin/universe          = unknown

PATH: /opt/rh/devtoolset-10/root/usr/bin/
PATH: /usr/local/sbin/
PATH: /usr/local/bin/
PATH: /usr/sbin/
PATH: /usr/bin/
PATH: /sbin/
PATH: /bin/


## ----------- ##
## Core tests. ##
## ----------- ##

configure:2728: looking for aux files: missing install-sh compile config.guess config.sub ltmain.sh
configure:2741:  trying ../
configure:2770:   ../missing found
configure:2752:   ../install-sh found
configure:2770:   ../compile found
configure:2770:   ../config.guess found
configure:2770:   ../config.sub found
configure:2770:   ../ltmain.sh found
configure:2883: checking whether to enable maintainer-specific portions of Makefiles
configure:2893: result: no
configure:2942: checking build system type
configure:2957: result: x86_64-pc-linux-gnu
configure:2977: checking host system type
configure:2991: result: x86_64-pc-linux-gnu
configure:3032: checking how to print strings
configure:3059: result: printf
configure:3145: checking for gcc
configure:3166: found /opt/rh/devtoolset-10/root/usr/bin/gcc
configure:3177: result: gcc
configure:3530: checking for C compiler version
configure:3539: gcc --version >&5
gcc (GCC) 10.2.1 20210130 (Red Hat 10.2.1-11)
Copyright (C) 2020 Free Software Foundation, Inc.
This is free software; see the source for copying conditions.  There is NO
warranty; not even for MERCHANTABILITY or FITNESS FOR A PARTICULAR PURPOSE.

configure:3550: $? = 0
configure:3539: gcc -v >&5
Using built-in specs.
COLLECT_GCC=gcc
COLLECT_LTO_WRAPPER=/opt/rh/devtoolset-10/root/usr/libexec/gcc/x86_64-redhat-linux/10/lto-wrapper
Target: x86_64-redhat-linux
Configured with: ../configure --enable-bootstrap --enable-languages=c,c++,fortran,lto --prefix=/opt/rh/devtoolset-10/root/usr --mandir=/opt/rh/devtoolset-10/root/usr/share/man --infodir=/opt/rh/devtoolset-10/root/usr/share/info --with-bugurl=http://bugzilla.redhat.com/bugzilla --enable-shared --enable-threads=posix --enable-checking=release --enable-multilib --with-system-zlib --enable-__cxa_atexit --disable-libunwind-exceptions --enable-gnu-unique-object --enable-linker-build-id --with-gcc-major-version-only --with-linker-hash-style=gnu --with-default-libstdcxx-abi=gcc4-compatible --enable-plugin --enable-initfini-array --with-isl=/builddir/build/BUILD/gcc-10.2.1-20210130/obj-x86_64-redhat-linux/isl-install --disable-libmpx --enable-gnu-indirect-function --with-tune=generic --with-arch_32=x86-64 --build=x86_64-redhat-linux
Thread model: posix
Supported LTO compression algorithms: zlib
gcc version 10.2.1 20210130 (Red Hat 10.2.1-11) (GCC) 
configure:3550: $? = 0
configure:3539: gcc -V >&5
gcc: error: unrecognized command-line option '-V'
gcc: fatal error: no input files
compilation terminated.
configure:3550: $? = 1
configure:3539: gcc -qversion >&5
gcc: error: unrecognized command-line option '-qversion'; did you mean '--version'?
gcc: fatal error: no input files
compilation terminated.
configure:3550: $? = 1
configure:3539: gcc -version >&5
gcc: error: unrecognized command-line option '-version'
gcc: fatal error: no input files
compilation terminated.
configure:3550: $? = 1
configure:3570: checking whether the C compiler works
configure:3592: gcc -O3   conftest.c  >&5
configure:3596: $? = 0
configure:3646: result: yes
configure:3649: checking for C compiler default output file name
configure:3651: result: a.out
configure:3657: checking for suffix of executables
configure:3664: gcc -o conftest -O3   conftest.c  >&5
configure:3668: $? = 0
configure:3691: result: 
configure:3713: checking whether we are cross compiling
configure:3721: gcc -o conftest -O3   conftest.c  >&5
configure:3725: $? = 0
configure:3732: ./conftest
configure:3736: $? = 0
configure:3751: result: no
configure:3756: checking for suffix of object files
configure:3779: gcc -c -O3  conftest.c >&5
configure:3783: $? = 0
configure:3805: result: o
configure:3809: checking whether the compiler supports GNU C
configure:3829: gcc -c -O3  conftest.c >&5
configure:3829: $? = 0
configure:3839: result: yes
configure:3850: checking whether gcc accepts -g
configure:3871: gcc -c -g  conftest.c >&5
configure:3871: $? = 0
configure:3915: result: yes
configure:3935: checking for gcc option to enable C11 features
configure:3950: gcc  -c -O3  conftest.c >&5
configure:3950: $? = 0
configure:3968: result: none needed
configure:4084: checking whether gcc understands -c and -o together
configure:4107: gcc -c conftest.c -o conftest2.o
configure:4110: $? = 0
configure:4107: gcc -c conftest.c -o conftest2.o
configure:4110: $? = 0
configure:4122: result: yes
configure:4139: checking for a sed that does not truncate output
configure:4209: result: /usr/bin/sed
configure:4227: checking for grep that handles long lines and -e
configure:4291: result: /usr/bin/grep
configure:4296: checking for egrep
configure:4364: result: /usr/bin/grep -E
configure:4369: checking for fgrep
configure:4437: result: /usr/bin/grep -F
configure:4473: checking for ld used by gcc
configure:4541: result: /opt/rh/devtoolset-10/root/usr/libexec/gcc/x86_64-redhat-linux/10/ld
configure:4548: checking if the linker (/opt/rh/devtoolset-10/root/usr/libexec/gcc/x86_64-redhat-linux/10/ld) is GNU ld
configure:4564: result: yes
configure:4576: checking for BSD- or MS-compatible name lister (nm)
configure:4631: result: /opt/rh/devtoolset-10/root/usr/bin/nm -B
configure:4771: checking the name lister (/opt/rh/devtoolset-10/root/usr/bin/nm -B) interface
configure:4779: gcc -c -O3  conftest.c >&5
configure:4782: /opt/rh/devtoolset-10/root/usr/bin/nm -B "conftest.o"
configure:4785: output
0000000000000000 B some_variable
configure:4792: result: BSD nm
configure:4795: checking whether ln -s works
configure:4799: result: yes
configure:4807: checking the maximum length of command line arguments
configure:4939: result: 1572864
configure:4987: checking how to convert x86_64-pc-linux-gnu file names to x86_64-pc-linux-gnu format
configure:5028: result: func_convert_file_noop
configure:5035: checking how to convert x86_64-pc-linux-gnu file names to toolchain format
configure:5056: result: func_convert_file_noop
configure:5063: checking for /opt/rh/devtoolset-10/root/usr/libexec/gcc/x86_64-redhat-linux/10/ld option to reload object files
configure:5071: result: -r
configure:5150: checking for file
configure:5171: found /usr/bin/file
configure:5182: result: file
configure:5258: checking for objdump
configure:5279: found /opt/rh/devtoolset-10/root/usr/bin/objdump
configure:5290: result: objdump
configure:5322: checking how to recognize dependent libraries
configure:5523: result: pass_all
configure:5613: checking for dlltool
configure:5648: result: no
configure:5678: checking how to associate runtime and link libraries
configure:5706: result: printf %s\n
configure:5772: checking for ar
configure:5793: found /opt/rh/devtoolset-10/root/usr/bin/ar
configure:5804: result: ar
configure:5857: checking for archiver @FILE support
configure:5875: gcc -c -O3  conftest.c >&5
configure:5875: $? = 0
configure:5879: ar cr libconftest.a @conftest.lst >&5
configure:5882: $? = 0
configure:5887: ar cr libconftest.a @conftest.lst >&5
ar: conftest.o: No such file or directory
configure:5890: $? = 1
configure:5902: result: @
configure:5965: checking for strip
configure:5986: found /opt/rh/devtoolset-10/root/usr/bin/strip
configure:5997: result: strip
configure:6074: checking for ranlib
configure:6095: found /opt/rh/devtoolset-10/root/usr/bin/ranlib
configure:6106: result: ranlib
configure:6183: checking for gawk
configure:6204: found /usr/bin/gawk
configure:6215: result: gawk
configure:6255: checking command to parse /opt/rh/devtoolset-10/root/usr/bin/nm -B output from gcc object
configure:6409: gcc -c -O3  conftest.c >&5
configure:6412: $? = 0
configure:6416: /opt/rh/devtoolset-10/root/usr/bin/nm -B conftest.o \| /usr/bin/sed -n -e 's/^.*[ ]\([ABCDGIRSTW][ABCDGIRSTW]*\)[ ][ ]*\([_A-Za-z][_A-Za-z0-9]*\)$/\1 \2 \2/p' | /usr/bin/sed '/ __gnu_lto/d' \> conftest.nm
configure:6419: $? = 0
configure:6485: gcc -o conftest -O3   conftest.c conftstm.o >&5
configure:6488: $? = 0
configure:6526: result: ok
configure:6573: checking for sysroot
configure:6604: result: no
configure:6611: checking for a working dd
configure:6655: result: /usr/bin/dd
configure:6659: checking how to truncate binary pipes
configure:6675: result: /usr/bin/dd bs=4096 count=1
configure:6812: gcc -c -O3  conftest.c >&5
configure:6815: $? = 0
configure:7012: checking for mt
configure:7047: result: no
configure:7067: checking if : is a manifest tool
configure:7074: : '-?'
configure:7082: result: no
configure:7807: checking for stdio.h
configure:7807: gcc -c -O3  conftest.c >&5
configure:7807: $? = 0
configure:7807: result: yes
configure:7807: checking for stdlib.h
configure:7807: gcc -c -O3  conftest.c >&5
configure:7807: $? = 0
configure:7807: result: yes
configure:7807: checking for string.h
configure:7807: gcc -c -O3  conftest.c >&5
configure:7807: $? = 0
configure:7807: result: yes
configure:7807: checking for inttypes.h
configure:7807: gcc -c -O3  conftest.c >&5
configure:7807: $? = 0
configure:7807: result: yes
configure:7807: checking for stdint.h
configure:7807: gcc -c -O3  conftest.c >&5
configure:7807: $? = 0
configure:7807: result: yes
configure:7807: checking for strings.h
configure:7807: gcc -c -O3  conftest.c >&5
configure:7807: $? = 0
configure:7807: result: yes
configure:7807: checking for sys/stat.h
configure:7807: gcc -c -O3  conftest.c >&5
configure:7807: $? = 0
configure:7807: result: yes
configure:7807: checking for sys/types.h
configure:7807: gcc -c -O3  conftest.c >&5
configure:7807: $? = 0
configure:7807: result: yes
configure:7807: checking for unistd.h
configure:7807: gcc -c -O3  conftest.c >&5
configure:7807: $? = 0
configure:7807: result: yes
configure:7832: checking for dlfcn.h
configure:7832: gcc -c -O3  conftest.c >&5
configure:7832: $? = 0
configure:7832: result: yes
configure:8091: checking for objdir
configure:8107: result: .libs
configure:8371: checking if gcc supports -fno-rtti -fno-exceptions
configure:8390: gcc -c -O3  -fno-rtti -fno-exceptions conftest.c >&5
cc1: warning: command-line option '-fno-rtti' is valid for C++/D/ObjC++ but not for C
configure:8394: $? = 0
configure:8407: result: no
configure:8765: checking for gcc option to produce PIC
configure:8773: result: -fPIC -DPIC
configure:8781: checking if gcc PIC flag -fPIC -DPIC works
configure:8800: gcc -c -O3  -fPIC -DPIC -DPIC conftest.c >&5
configure:8804: $? = 0
configure:8817: result: yes
configure:8846: checking if gcc static flag -static works
configure:8875: result: no
configure:8890: checking if gcc supports -c -o file.o
configure:8912: gcc -c -O3  -o out/conftest2.o conftest.c >&5
configure:8916: $? = 0
configure:8938: result: yes
configure:8946: checking if gcc supports -c -o file.o
configure:8994: result: yes
configure:9027: checking whether the gcc linker (/opt/rh/devtoolset-10/root/usr/libexec/gcc/x86_64-redhat-linux/10/ld -m elf_x86_64) supports shared libraries
configure:10295: result: yes
configure:10332: checking whether -lc should be explicitly linked in
configure:10341: gcc -c -O3  conftest.c >&5
configure:10344: $? = 0
configure:10359: gcc -shared  -fPIC -DPIC conftest.o  -v -Wl,-soname -Wl,conftest -o conftest 2\>\&1 \| /usr/bin/grep  -lc  \>/dev/null 2\>\&1
configure:10362: $? = 0
configure:10376: result: no
configure:10536: checking dynamic linker characteristics
configure:11118: gcc -o conftest -O3   -Wl,-rpath -Wl,/foo conftest.c  >&5
configure:11118: $? = 0
configure:11357: result: GNU/Linux ld.so
configure:11479: checking how to hardcode library paths into programs
configure:11504: result: immediate
configure:12056: checking whether stripping libraries is possible
configure:12065: result: yes
configure:12107: checking if libtool supports shared libraries
configure:12109: result: yes
configure:12112: checking whether to build shared libraries
configure:12137: result: yes
configure:12140: checking whether to build static libraries
configure:12144: result: yes
configure:12198: checking for a BSD-compatible install
configure:12271: result: /usr/bin/install -c
configure:12282: checking whether build environment is sane
configure:12337: result: yes
configure:12492: checking for a race-free mkdir -p
configure:12536: result: /usr/bin/mkdir -p
configure:12539: checking whether make sets $(MAKE)
configure:12562: result: yes
configure:12584: checking whether make supports the include directive
configure:12599: make -f confmf.GNU && cat confinc.out
this is the am__doit target
configure:12602: $? = 0
configure:12621: result: yes (GNU style)
configure:12656: checking whether make supports nested variables
configure:12674: result: yes
configure:12755: checking dependency style of gcc
configure:12867: result: gcc3
configure:13012: checking for g++
configure:13033: found /opt/rh/devtoolset-10/root/usr/bin/g++
configure:13044: result: g++
configure:13071: checking for C++ compiler version
configure:13080: g++ --version >&5
g++ (GCC) 10.2.1 20210130 (Red Hat 10.2.1-11)
Copyright (C) 2020 Free Software Foundation, Inc.
This is free software; see the source for copying conditions.  There is NO
warranty; not even for MERCHANTABILITY or FITNESS FOR A PARTICULAR PURPOSE.

configure:13091: $? = 0
configure:13080: g++ -v >&5
Using built-in specs.
COLLECT_GCC=g++
COLLECT_LTO_WRAPPER=/opt/rh/devtoolset-10/root/usr/libexec/gcc/x86_64-redhat-linux/10/lto-wrapper
Target: x86_64-redhat-linux
Configured with: ../configure --enable-bootstrap --enable-languages=c,c++,fortran,lto --prefix=/opt/rh/devtoolset-10/root/usr --mandir=/opt/rh/devtoolset-10/root/usr/share/man --infodir=/opt/rh/devtoolset-10/root/usr/share/info --with-bugurl=http://bugzilla.redhat.com/bugzilla --enable-shared --enable-threads=posix --enable-checking=release --enable-multilib --with-system-zlib --enable-__cxa_atexit --disable-libunwind-exceptions --enable-gnu-unique-object --enable-linker-build-id --with-gcc-major-version-only --with-linker-hash-style=gnu --with-default-libstdcxx-abi=gcc4-compatible --enable-plugin --enable-initfini-array --with-isl=/builddir/build/BUILD/gcc-10.2.1-20210130/obj-x86_64-redhat-linux/isl-install --disable-libmpx --enable-gnu-indirect-function --with-tune=generic --with-arch_32=x86-64 --build=x86_64-redhat-linux
Thread model: posix
Supported LTO compression algorithms: zlib
gcc version 10.2.1 20210130 (Red Hat 10.2.1-11) (GCC) 
configure:13091: $? = 0
configure:13080: g++ -V >&5
g++: error: unrecognized command-line option '-V'
g++: fatal error: no input files
compilation terminated.
configure:13091: $? = 1
configure:13080: g++ -qversion >&5
g++: error: unrecognized command-line option '-qversion'; did you mean '--version'?
g++: fatal error: no input files
compilation terminated.
configure:13091: $? = 1
configure:13095: checking whether the compiler supports GNU C++
configure:13115: g++ -c -O3  conftest.cpp >&5
configure:13115: $? = 0
configure:13125: result: yes
configure:13136: checking whether g++ accepts -g
configure:13157: g++ -c -g  conftest.cpp >&5
configure:13157: $? = 0
configure:13201: result: yes
configure:13221: checking for g++ option to enable C++11 features
configure:13236: g++  -c -O3  conftest.cpp >&5
configure:13236: $? = 0
configure:13254: result: none needed
configure:13336: checking how to run the C++ preprocessor
configure:13358: g++ -E  conftest.cpp
configure:13358: $? = 0
configure:13373: g++ -E  conftest.cpp
conftest.cpp:23:10: fatal error: ac_nonexistent.h: No such file or directory
   23 | #include <ac_nonexistent.h>
      |          ^~~~~~~~~~~~~~~~~~
compilation terminated.
configure:13373: $? = 1
configure: failed program was:
| /* confdefs.h */
| #define PACKAGE_NAME "sg2"
| #define PACKAGE_TARNAME "sg2"
| #define PACKAGE_VERSION "2.0.0"
| #define PACKAGE_STRING "sg2 2.0.0"
| #define PACKAGE_BUGREPORT ""
| #define PACKAGE_URL ""
| #define HAVE_STDIO_H 1
| #define HAVE_STDLIB_H 1
| #define HAVE_STRING_H 1
| #define HAVE_INTTYPES_H 1
| #define HAVE_STDINT_H 1
| #define HAVE_STRINGS_H 1
| #define HAVE_SYS_STAT_H 1
| #define HAVE_SYS_TYPES_H 1
| #define HAVE_UNISTD_H 1
| #define STDC_HEADERS 1
| #define HAVE_DLFCN_H 1
| #define LT_OBJDIR ".libs/"
| #define PACKAGE "sg2"
| #define VERSION "2.0.0"
| /* end confdefs.h.  */
| #include <ac_nonexistent.h>
configure:13400: result: g++ -E
configure:13414: g++ -E  conftest.cpp
configure:13414: $? = 0
configure:13429: g++ -E  conftest.cpp
conftest.cpp:23:10: fatal error: ac_nonexistent.h: No such file or directory
   23 | #include <ac_nonexistent.h>
      |          ^~~~~~~~~~~~~~~~~~
compilation terminated.
configure:13429: $? = 1
configure: failed program was:
| /* confdefs.h */
| #define PACKAGE_NAME "sg2"
| #define PACKAGE_TARNAME "sg2"
| #define PACKAGE_VERSION "2.0.0"
| #define PACKAGE_STRING "sg2 2.0.0"
| #define PACKAGE_BUGREPORT ""
| #define PACKAGE_URL ""
| #define HAVE_STDIO_H 1
| #define HAVE_STDLIB_H 1
| #define HAVE_STRING_H 1
| #define HAVE_INTTYPES_H 1
| #define HAVE_STDINT_H 1
| #define HAVE_STRINGS_H 1
| #define HAVE_SYS_STAT_H 1
| #define HAVE_SYS_TYPES_H 1
| #define HAVE_UNISTD_H 1
| #define STDC_HEADERS 1
| #define HAVE_DLFCN_H 1
| #define LT_OBJDIR ".libs/"
| #define PACKAGE "sg2"
| #define VERSION "2.0.0"
| /* end confdefs.h.  */
| #include <ac_nonexistent.h>
configure:13594: checking for ld used by g++
configure:13662: result: /opt/rh/devtoolset-10/root/usr/libexec/gcc/x86_64-redhat-linux/10/ld -m elf_x86_64
configure:13669: checking if the linker (/opt/rh/devtoolset-10/root/usr/libexec/gcc/x86_64-redhat-linux/10/ld -m elf_x86_64) is GNU ld
configure:13685: result: yes
configure:13740: checking whether the g++ linker (/opt/rh/devtoolset-10/root/usr/libexec/gcc/x86_64-redhat-linux/10/ld -m elf_x86_64) supports shared libraries
configure:14818: result: yes
configure:14854: g++ -c -O3  conftest.cpp >&5
configure:14857: $? = 0
configure:15338: checking for g++ option to produce PIC
configure:15346: result: -fPIC -DPIC
configure:15354: checking if g++ PIC flag -fPIC -DPIC works
configure:15373: g++ -c -O3  -fPIC -DPIC -DPIC conftest.cpp >&5
configure:15377: $? = 0
configure:15390: result: yes
configure:15413: checking if g++ static flag -static works
configure:15442: result: no
configure:15454: checking if g++ supports -c -o file.o
configure:15476: g++ -c -O3  -o out/conftest2.o conftest.cpp >&5
configure:15480: $? = 0
configure:15502: result: yes
configure:15507: checking if g++ supports -c -o file.o
configure:15555: result: yes
configure:15585: checking whether the g++ linker (/opt/rh/devtoolset-10/root/usr/libexec/gcc/x86_64-redhat-linux/10/ld -m elf_x86_64) supports shared libraries
configure:15625: result: yes
configure:15767: checking dynamic linker characteristics
configure:16515: result: GNU/Linux ld.so
configure:16580: checking how to hardcode library paths into programs
configure:16605: result: immediate
configure:16647: checking dependency style of g++
configure:16759: result: gcc3
configure:16785: checking dependency style of gcc
configure:16895: result: gcc3
configure:16928: checking whether g++ supports C++11 features with -std=c++11
configure:17227: g++ -std=c++11 -c -O3  conftest.cpp >&5
configure:17227: $? = 0
configure:17237: result: yes
configure:17428: checking that generated files are newer than configure
configure:17434: result: done
configure:17465: creating ./config.status

## ---------------------- ##
## Running config.status. ##
## ---------------------- ##

This file was extended by sg2 config.status 2.0.0, which was
generated by GNU Autoconf 2.71.  Invocation command line was

  CONFIG_FILES    = 
  CONFIG_HEADERS  = 
  CONFIG_LINKS    = 
  CONFIG_COMMANDS = 
  $ ./config.status 

on afdd70ae5d5a

config.status:1081: creating Makefile
config.status:1081: creating src/Makefile
config.status:1081: creating sg2.pc
config.status:1238: executing libtool commands
config.status:1238: executing depfiles commands
config.status:2032: cd src       && sed -e '/# am--include-marker/d' Makefile         | make -f - am--depfiles
config.status:2037: $? = 0

## ---------------- ##
## Cache variables. ##
## ---------------- ##

ac_cv_build=x86_64-pc-linux-gnu
ac_cv_c_compiler_gnu=yes
ac_cv_cxx_compiler_gnu=yes
ac_cv_env_CCASFLAGS_set=
ac_cv_env_CCASFLAGS_value=
ac_cv_env_CCAS_set=
ac_cv_env_CCAS_value=
ac_cv_env_CCC_set=
ac_cv_env_CCC_value=
ac_cv_env_CC_set=
ac_cv_env_CC_value=
ac_cv_env_CFLAGS_set=set
ac_cv_env_CFLAGS_value=-O3
ac_cv_env_CPPFLAGS_set=
ac_cv_env_CPPFLAGS_value=
ac_cv_env_CXXCPP_set=
ac_cv_env_CXXCPP_value=
ac_cv_env_CXXFLAGS_set=set
ac_cv_env_CXXFLAGS_value=-O3
ac_cv_env_CXX_set=
ac_cv_env_CXX_value=
ac_cv_env_LDFLAGS_set=
ac_cv_env_LDFLAGS_value=
ac_cv_env_LIBS_set=
ac_cv_env_LIBS_value=
ac_cv_env_LT_SYS_LIBRARY_PATH_set=
ac_cv_env_LT_SYS_LIBRARY_PATH_value=
ac_cv_env_build_alias_set=
ac_cv_env_build_alias_value=
ac_cv_env_host_alias_set=
ac_cv_env_host_alias_value=
ac_cv_env_target_alias_set=
ac_cv_env_target_alias_value=
ac_cv_header_dlfcn_h=yes
ac_cv_header_inttypes_h=yes
ac_cv_header_stdint_h=yes
ac_cv_header_stdio_h=yes
ac_cv_header_stdlib_h=yes
ac_cv_header_string_h=yes
ac_cv_header_strings_h=yes
ac_cv_header_sys_stat_h=yes
ac_cv_header_sys_types_h=yes
ac_cv_header_unistd_h=yes
ac_cv_host=x86_64-pc-linux-gnu
ac_cv_objext=o
ac_cv_path_EGREP='/usr/bin/grep -E'
ac_cv_path_FGREP='/usr/bin/grep -F'
ac_cv_path_GREP=/usr/bin/grep
ac_cv_path_SED=/usr/bin/sed
ac_cv_path_install='/usr/bin/install -c'
ac_cv_path_lt_DD=/usr/bin/dd
ac_cv_path_mkdir=/usr/bin/mkdir
ac_cv_prog_AWK=gawk
ac_cv_prog_CXXCPP='g++ -E'
ac_cv_prog_ac_ct_AR=ar
ac_cv_prog_ac_ct_CC=gcc
ac_cv_prog_ac_ct_CXX=g++
ac_cv_prog_ac_ct_FILECMD=file
ac_cv_prog_ac_ct_OBJDUMP=objdump
ac_cv_prog_ac_ct_RANLIB=ranlib
ac_cv_prog_ac_ct_STRIP=strip
ac_cv_prog_cc_c11=
ac_cv_prog_cc_g=yes
ac_cv_prog_cc_stdc=
ac_cv_prog_cxx_11=no
ac_cv_prog_cxx_cxx11=
ac_cv_prog_cxx_g=yes
ac_cv_prog_cxx_stdcxx=
ac_cv_prog_make_make_set=yes
am_cv_CCAS_dependencies_compiler_type=gcc3
am_cv_CC_dependencies_compiler_type=gcc3
am_cv_CXX_dependencies_compiler_type=gcc3
am_cv_make_support_nested_variables=yes
am_cv_prog_cc_c_o=yes
ax_cv_cxx_compile_cxx11__std_cpp11=yes
lt_cv_ar_at_file=@
lt_cv_archive_cmds_need_lc=no
lt_cv_deplibs_check_method=pass_all
lt_cv_file_magic_cmd='$MAGIC_CMD'
lt_cv_file_magic_test_file=
lt_cv_ld_reload_flag=-r
lt_cv_nm_interface='BSD nm'
lt_cv_objdir=.libs
lt_cv_path_LD=/opt/rh/devtoolset-10/root/usr/libexec/gcc/x86_64-redhat-linux/10/ld
lt_cv_path_LDCXX='/opt/rh/devtoolset-10/root/usr/libexec/gcc/x86_64-redhat-linux/10/ld -m elf_x86_64'
lt_cv_path_NM='/opt/rh/devtoolset-10/root/usr/bin/nm -B'
lt_cv_path_mainfest_tool=no
lt_cv_prog_compiler_c_o=yes
lt_cv_prog_compiler_c_o_CXX=yes
lt_cv_prog_compiler_pic='-fPIC -DPIC'
lt_cv_prog_compiler_pic_CXX='-fPIC -DPIC'
lt_cv_prog_compiler_pic_works=yes
lt_cv_prog_compiler_pic_works_CXX=yes
lt_cv_prog_compiler_rtti_exceptions=no
lt_cv_prog_compiler_static_works=no
lt_cv_prog_compiler_static_works_CXX=no
lt_cv_prog_gnu_ld=yes
lt_cv_prog_gnu_ldcxx=yes
lt_cv_sharedlib_from_linklib_cmd='printf %s\n'
lt_cv_shlibpath_overrides_runpath=no
lt_cv_sys_global_symbol_pipe='/usr/bin/sed -n -e '\''s/^.*[	 ]\([ABCDGIRSTW][ABCDGIRSTW]*\)[	 ][	 ]*\([_A-Za-z][_A-Za-z0-9]*\)$/\1 \2 \2/p'\'' | /usr/bin/sed '\''/ __gnu_lto/d'\'''
lt_cv_sys_global_symbol_to_c_name_address='/usr/bin/sed -n -e '\''s/^: \(.*\) .*$/  {"\1", (void *) 0},/p'\'' -e '\''s/^[ABCDGIRSTW][ABCDGIRSTW]* .* \(.*\)$/  {"\1", (void *) \&\1},/p'\'''
lt_cv_sys_global_symbol_to_c_name_address_lib_prefix='/usr/bin/sed -n -e '\''s/^: \(.*\) .*$/  {"\1", (void *) 0},/p'\'' -e '\''s/^[ABCDGIRSTW][ABCDGIRSTW]* .* \(lib.*\)$/  {"\1", (void *) \&\1},/p'\'' -e '\''s/^[ABCDGIRSTW][ABCDGIRSTW]* .* \(.*\)$/  {"lib\1", (void *) \&\1},/p'\'''
lt_cv_sys_global_symbol_to_cdecl='/usr/bin/sed -n -e '\''s/^T .* \(.*\)$/extern int \1();/p'\'' -e '\''s/^[ABCDGIRSTW][ABCDGIRSTW]* .* \(.*\)$/extern char \1;/p'\'''
lt_cv_sys_global_symbol_to_import=
lt_cv_sys_max_cmd_len=1572864
lt_cv_to_host_file_cmd=func_convert_file_noop
lt_cv_to_tool_file_cmd=func_convert_file_noop
lt_cv_truncate_bin='/usr/bin/dd bs=4096 count=1'

## ----------------- ##
## Output variables. ##
## ----------------- ##

ACLOCAL='${SHELL} '\''/io/missing'\'' aclocal-1.16'
AMDEPBACKSLASH='\'
AMDEP_FALSE='#'
AMDEP_TRUE=''
AMTAR='$${TAR-tar}'
AM_BACKSLASH='\'
AM_DEFAULT_V='$(AM_DEFAULT_VERBOSITY)'
AM_DEFAULT_VERBOSITY='1'
AM_V='$(V)'
AR='ar'
AUTOCONF='${SHELL} '\''/io/missing'\'' autoconf'
AUTOHEADER='${SHELL} '\''/io/missing'\'' autoheader'
AUTOMAKE='${SHELL} '\''/io/missing'\'' automake-1.16'
AWK='gawk'
CC='gcc'
CCAS='gcc'
CCASDEPMODE='depmode=gcc3'
CCASFLAGS='-O3'
CCDEPMODE='depmode=gcc3'
CFLAGS='-O3'
CPPFLAGS=''
CSCOPE='cscope'
CTAGS='ctags'
CXX='g++ -std=c++11'
CXXCPP='g++ -E -std=c++11'
CXXDEPMODE='depmode=gcc3'
CXXFLAGS='-O3'
CYGPATH_W='echo'
DEFS='-DPACKAGE_NAME=\"sg2\" -DPACKAGE_TARNAME=\"sg2\" -DPACKAGE_VERSION=\"2.0.0\" -DPACKAGE_STRING=\"sg2\ 2.0.0\" -DPACKAGE_BUGREPORT=\"\" -DPACKAGE_URL=\"\" -DHAVE_STDIO_H=1 -DHAVE_STDLIB_H=1 -DHAVE_STRING_H=1 -DHAVE_INTTYPES_H=1 -DHAVE_STDINT_H=1 -DHAVE_STRINGS_H=1 -DHAVE_SYS_STAT_H=1 -DHAVE_SYS_TYPES_H=1 -DHAVE_UNISTD_H=1 -DSTDC_HEADERS=1 -DHAVE_DLFCN_H=1 -DLT_OBJDIR=\".libs/\" -DPACKAGE=\"sg2\" -DVERSION=\"2.0.0\" -DHAVE_CXX11=1'
DEPDIR='.deps'
DLLTOOL='false'
DSYMUTIL=''
DUMPBIN=''
ECHO_C=''
ECHO_N='-n'
ECHO_T=''
EGREP='/usr/bin/grep -E'
ETAGS='etags'
EXEEXT=''
FGREP='/usr/bin/grep -F'
FILECMD='file'
GREP='/usr/bin/grep'
HAVE_CXX11='1'
INSTALL_DATA='${INSTALL} -m 644'
INSTALL_PROGRAM='${INSTALL}'
INSTALL_SCRIPT='${INSTALL}'
INSTALL_STRIP_PROGRAM='$(install_sh) -c -s'
LD='/opt/rh/devtoolset-10/root/usr/libexec/gcc/x86_64-redhat-linux/10/ld -m elf_x86_64'
LDFLAGS=''
LIBOBJS=''
LIBS=''
LIBTOOL='$(SHELL) $(top_builddir)/libtool'
LIPO=''
LN_S='ln -s'
LTLIBOBJS=''
LT_SYS_LIBRARY_PATH=''
MAINT='#'
MAINTAINER_MODE_FALSE=''
MAINTAINER_MODE_TRUE='#'
MAKEINFO='${SHELL} '\''/io/missing'\'' makeinfo'
MANIFEST_TOOL=':'
MKDIR_P='/usr/bin/mkdir -p'
NM='/opt/rh/devtoolset-10/root/usr/bin/nm -B'
NMEDIT=''
OBJDUMP='objdump'
OBJEXT='o'
OTOOL64=''
OTOOL=''
PACKAGE='sg2'
PACKAGE_BUGREPORT=''
PACKAGE_NAME='sg2'
PACKAGE_STRING='sg2 2.0.0'
PACKAGE_TARNAME='sg2'
PACKAGE_URL=''
PACKAGE_VERSION='2.0.0'
PATH_SEPARATOR=':'
RANLIB='ranlib'
SED='/usr/bin/sed'
SET_MAKE=''
SHELL='/bin/sh'
STRIP='strip'
VDT_CFLAGS=''
VDT_DEFINE=''
VDT_LIBS=''
VERSION='2.0.0'
ac_ct_AR='ar'
ac_ct_CC='gcc'
ac_ct_CXX='g++'
ac_ct_DUMPBIN=''
am__EXEEXT_FALSE=''
am__EXEEXT_TRUE='#'
am__fastdepCCAS_FALSE='#'
am__fastdepCCAS_TRUE=''
am__fastdepCC_FALSE='#'
am__fastdepCC_TRUE=''
am__fastdepCXX_FALSE='#'
am__fastdepCXX_TRUE=''
am__include='include'
am__isrc=' -I$(srcdir)'
am__leading_dot='.'
am__nodep='_no'
am__quote=''
am__tar='$${TAR-tar} chof - "$$tardir"'
am__untar='$${TAR-tar} xf -'
bindir='${exec_prefix}/bin'
build='x86_64-pc-linux-gnu'
build_alias=''
build_cpu='x86_64'
build_os='linux-gnu'
build_vendor='pc'
datadir='${datarootdir}'
datarootdir='${prefix}/share'
docdir='${datarootdir}/doc/${PACKAGE_TARNAME}'
dvidir='${docdir}'
exec_prefix='${prefix}'
host='x86_64-pc-linux-gnu'
host_alias=''
host_cpu='x86_64'
host_os='linux-gnu'
host_vendor='pc'
htmldir='${docdir}'
includedir='${prefix}/include'
infodir='${datarootdir}/info'
install_sh='${SHELL} /io/install-sh'
libdir='${exec_prefix}/lib'
libexecdir='${exec_prefix}/libexec'
localedir='${datarootdir}/locale'
localstatedir='${prefix}/var'
mandir='${datarootdir}/man'
mkdir_p='$(MKDIR_P)'
oldincludedir='/usr/include'
pdfdir='${docdir}'
prefix='/usr/local'
program_transform_name='s,x,x,'
psdir='${docdir}'
runstatedir='${localstatedir}/run'
sbindir='${exec_prefix}/sbin'
sharedstatedir='${prefix}/com'
sysconfdir='${prefix}/etc'
target_alias=''

## ----------- ##
## confdefs.h. ##
## ----------- ##

/* confdefs.h */
#define PACKAGE_NAME "sg2"
#define PACKAGE_TARNAME "sg2"
#define PACKAGE_VERSION "2.0.0"
#define PACKAGE_STRING "sg2 2.0.0"
#define PACKAGE_BUGREPORT ""
#define PACKAGE_URL ""
#define HAVE_STDIO_H 1
#define HAVE_STDLIB_H 1
#define HAVE_STRING_H 1
#define HAVE_INTTYPES_H 1
#define HAVE_STDINT_H 1
#define HAVE_STRINGS_H 1
#define HAVE_SYS_STAT_H 1
#define HAVE_SYS_TYPES_H 1
#define HAVE_UNISTD_H 1
#define STDC_HEADERS 1
#define HAVE_DLFCN_H 1
#define LT_OBJDIR ".libs/"
#define PACKAGE "sg2"
#define VERSION "2.0.0"
#define HAVE_CXX11 1

configure: exit 0
