Making install in src
make[1]: Entering directory `/io/_build_wheel/src'
make[2]: Entering directory `/io/_build_wheel/src'
 /usr/bin/mkdir -p '/usr/local/lib'
 /bin/sh ../libtool   --mode=install /usr/bin/install -c   libsg2.la '/usr/local/lib'
libtool: install: /usr/bin/install -c .libs/libsg2.so.2.0.0 /usr/local/lib/libsg2.so.2.0.0
libtool: install: (cd /usr/local/lib && { ln -s -f libsg2.so.2.0.0 libsg2.so.2 || { rm -f libsg2.so.2 && ln -s libsg2.so.2.0.0 libsg2.so.2; }; })
libtool: install: (cd /usr/local/lib && { ln -s -f libsg2.so.2.0.0 libsg2.so || { rm -f libsg2.so && ln -s libsg2.so.2.0.0 libsg2.so; }; })
libtool: install: /usr/bin/install -c .libs/libsg2.lai /usr/local/lib/libsg2.la
libtool: install: /usr/bin/install -c .libs/libsg2.a /usr/local/lib/libsg2.a
libtool: install: chmod 644 /usr/local/lib/libsg2.a
libtool: install: ranlib /usr/local/lib/libsg2.a
libtool: finish: PATH="/opt/rh/devtoolset-10/root/usr/bin:/usr/local/sbin:/usr/local/bin:/usr/sbin:/usr/bin:/sbin:/bin:/sbin" ldconfig -n /usr/local/lib
----------------------------------------------------------------------
Libraries have been installed in:
   /usr/local/lib

If you ever happen to want to link against installed libraries
in a given directory, LIBDIR, you must either use libtool, and
specify the full pathname of the library, or use the '-LLIBDIR'
flag during linking and do at least one of the following:
   - add LIBDIR to the 'LD_LIBRARY_PATH' environment variable
     during execution
   - add LIBDIR to the 'LD_RUN_PATH' environment variable
     during linking
   - use the '-Wl,-rpath -Wl,LIBDIR' linker flag
   - have your system administrator add LIBDIR to '/etc/ld.so.conf'

See any operating system documentation about shared libraries for
more information, such as the ld(1) and ld.so(8) manual pages.
----------------------------------------------------------------------
 /usr/bin/mkdir -p '/usr/local/bin'
  /bin/sh ../libtool   --mode=install /usr/bin/install -c sg2_query sg2_benchmark sg2_convert_date '/usr/local/bin'
libtool: install: /usr/bin/install -c .libs/sg2_query /usr/local/bin/sg2_query
libtool: install: /usr/bin/install -c .libs/sg2_benchmark /usr/local/bin/sg2_benchmark
libtool: install: /usr/bin/install -c .libs/sg2_convert_date /usr/local/bin/sg2_convert_date
 /usr/bin/mkdir -p '/usr/local/include'
 /usr/bin/install -c -m 644 ../../src/sg2.hxx ../../src/sg2_math.hxx ../../src/sg2_typedef.hxx ../../src/sg2_err.hxx ../../src/sg2_date.hxx ../../src/sg2_geocentric.hxx ../../src/sg2_topocentric.hxx '/usr/local/include'
make[2]: Leaving directory `/io/_build_wheel/src'
make[1]: Leaving directory `/io/_build_wheel/src'
make[1]: Entering directory `/io/_build_wheel'
make[2]: Entering directory `/io/_build_wheel'
make[2]: Nothing to be done for `install-exec-am'.
 /usr/bin/mkdir -p '/usr/local/lib/pkgconfig'
 /usr/bin/install -c -m 644 sg2.pc '/usr/local/lib/pkgconfig'
make[2]: Leaving directory `/io/_build_wheel'
make[1]: Leaving directory `/io/_build_wheel'
